0.0105985  
0.0258107  
4.7387e-05  
0.183346  
0.108493  
2.705e-06  
0.0108684  
0.0245641  
4.5464e-05  
0.191865  
0.108687  
3.296e-06  
0.0108812  
0.0230329  
4.7388e-05  
0.181821  
0.107612  
3.065e-06  
0.0105451  
0.0231316  
4.4563e-05  
0.182569  
0.108078  
3.416e-06  
0.0106534  
0.0237477  
4.6797e-05  
0.181657  
0.107106  
2.805e-06  
0.0111999  
0.0275234  
4.6626e-05  
0.182897  
0.107915  
2.685e-06  
0.0105364  
0.0267736  
4.3851e-05  
0.182422  
0.108901  
2.945e-06  
0.0107074  
0.0280638  
4.4813e-05  
0.182511  
0.109256  
3.006e-06  
0.010675  
0.0234212  
5.3268e-05  
0.181807  
0.109024  
2.564e-06  
0.0108598  
0.0254877  
4.5454e-05  
0.182523  
0.108619  
2.935e-06  
0.0106501  
0.023443  
4.7608e-05  
0.18122  
0.108956  
2.875e-06  
0.0106161  
0.0229975  
5.8268e-05  
0.181288  
0.106904  
2.985e-06  
0.0104859  
0.0231014  
4.7378e-05  
0.18419  
0.108885  
2.826e-06  
0.0107712  
0.0241001  
4.2158e-05  
0.182862  
0.10824  
2.736e-06  
0.010631  
0.0274209  
5.2196e-05  
0.181624  
0.111358  
2.555e-06  
0.0108406  
0.0273484  
4.6526e-05  
0.182411  
0.108382  
2.956e-06  
0.0106653  
0.0272897  
4.7237e-05  
0.181572  
0.108805  
2.986e-06  
0.01082  
0.0245045  
4.7507e-05  
0.182892  
0.108002  
2.534e-06  
0.0108552  
0.0233614  
4.5053e-05  
0.181862  
0.109104  
2.595e-06  
0.0105136  
0.0220014  
4.3951e-05  
0.182285  
0.108213  
2.826e-06  
0.0106299  
0.0248705  
4.3911e-05  
0.181622  
0.108295  
2.355e-06  
0.0103922  
0.0262556  
4.7829e-05  
0.18187  
0.108443  
3.025e-06  
0.0138262  
0.0244724  
4.341e-05  
0.183539  
0.110075  
2.785e-06  
0.0108492  
0.0263506  
4.7849e-05  
0.181771  
0.108344  
2.555e-06  
0.0107908  
0.0254376  
5.6925e-05  
0.182138  
0.119895  
2.645e-06  
0.0107588  
0.0255393  
4.4613e-05  
0.190922  
0.112887  
2.404e-06  
0.0110281  
0.0257441  
4.8139e-05  
0.181865  
0.107933  
9.067e-06  
0.0112185  
0.0293167  
4.6947e-05  
0.180901  
0.108216  
2.574e-06  
0.0105919  
0.0247801  
4.4111e-05  
0.181752  
0.107193  
2.575e-06  
0.0103213  
0.0226423  
4.7348e-05  
0.19016  
0.108313  
2.425e-06  
0.0109815  
0.026663  
4.6025e-05  
0.184247  
0.108932  
2.384e-06  
0.010676  
0.0239919  
4.4141e-05  
0.180811  
0.110418  
2.695e-06  
0.0108082  
0.0231306  
4.5875e-05  
0.182055  
0.106899  
2.815e-06  
0.0107464  
0.0274913  
4.4292e-05  
0.180839  
0.108312  
2.705e-06  
0.0108365  
0.0245679  
4.5163e-05  
0.181899  
0.107244  
2.905e-06  
0.0108894  
0.0242034  
4.3821e-05  
0.181374  
0.10887  
2.816e-06  
0.0107948  
0.0234501  
4.6416e-05  
0.181626  
0.107686  
2.665e-06  
0.0111133  
0.0238302  
4.6717e-05  
0.181422  
0.108555  
3.115e-06  
0.0107789  
0.0223025  
4.7077e-05  
0.179671  
0.108294  
2.846e-06  
0.0106199  
0.0241302  
4.7177e-05  
0.182986  
0.109509  
3.377e-06  
0.0110288  
0.0236856  
4.8319e-05  
0.182274  
0.109981  
2.845e-06  
0.0105751  
0.0223217  
5.0393e-05  
0.186157  
0.109824  
2.775e-06  
0.0104594  
0.0222984  
4.9221e-05  
0.180749  
0.109663  
3.156e-06  
0.010773  
0.0232472  
4.3079e-05  
0.180944  
0.106585  
2.845e-06  
0.0108007  
0.0246768  
4.7387e-05  
0.181072  
0.109179  
2.775e-06  
0.0105482  
0.0245783  
4.6476e-05  
0.18258  
0.109005  
2.925e-06  
0.0109866  
0.0273813  
4.4913e-05  
0.181667  
0.108982  
3.036e-06  
0.0106483  
0.0241102  
4.8049e-05  
0.18184  
0.108283  
2.835e-06  
0.010771  
0.0253081  
4.5444e-05  
0.181575  
0.108454  
3.146e-06  
0.0107649  
0.0230139  
4.7428e-05  
0.183056  
0.108546  
2.935e-06  
0.0106007  
0.0240356  
4.2499e-05  
0.182648  
0.109279  
3.236e-06  
0.0107922  
0.0237842  
4.6766e-05  
0.183368  
0.108306  
2.425e-06  
0.0103148  
0.0234374  
4.7217e-05  
0.193707  
0.114734  
3.226e-06  
0.0106723  
0.0270149  
4.6686e-05  
0.187897  
0.130386  
2.405e-06  
0.01074  
0.0253822  
4.6677e-05  
0.188026  
0.115163  
4.338e-06  
0.011112  
0.0269444  
4.5975e-05  
0.182676  
0.142495  
4.038e-06  
0.0110433  
0.0267446  
4.5874e-05  
0.188185  
0.115249  
2.585e-06  
0.0109017  
0.0240326  
4.6676e-05  
0.191852  
0.121981  
2.504e-06  
0.0115522  
0.0291634  
4.6626e-05  
0.20019  
0.111406  
3.035e-06  
0.0109331  
0.024482  
4.8099e-05  
0.189085  
0.108089  
2.695e-06  
0.0105905  
0.0262357  
4.7227e-05  
0.18163  
0.110027  
2.955e-06  
0.0107021  
0.0238396  
4.6076e-05  
0.183384  
0.10774  
2.525e-06  
0.0107329  
0.025009  
4.4042e-05  
0.182538  
0.109888  
3.246e-06  
0.0108332  
0.0229451  
4.7809e-05  
0.183612  
0.108703  
2.896e-06  
0.0109278  
0.0236652  
4.7668e-05  
0.182462  
0.10933  
3.186e-06  
0.0106527  
0.0226606  
4.5544e-05  
0.186271  
0.107989  
2.895e-06  
0.010717  
0.0241778  
4.6916e-05  
0.186131  
0.109694  
2.555e-06  
0.0107581  
0.023065  
4.4994e-05  
0.184439  
0.110316  
2.955e-06  
0.0107302  
0.022902  
4.7758e-05  
0.185191  
0.113671  
2.615e-06  
0.010734  
0.0237973  
4.877e-05  
0.186939  
0.116927  
3.266e-06  
0.0108365  
0.0231838  
4.7247e-05  
0.188633  
0.112906  
3.867e-06  
0.0105842  
0.0236102  
5.2346e-05  
0.188932  
0.108713  
2.996e-06  
0.011014  
0.0264556  
4.9311e-05  
0.181907  
0.107476  
2.285e-06  
0.0105754  
0.0230738  
4.6365e-05  
0.180972  
0.108569  
3.066e-06  
0.0106063  
0.0235696  
5.6445e-05  
0.183814  
0.107407  
2.855e-06  
0.0104435  
0.024151  
4.7217e-05  
0.181166  
0.108336  
2.785e-06  
0.0106356  
0.0234894  
4.4232e-05  
0.181985  
0.107746  
3.406e-06  
0.0108152  
0.0268439  
4.328e-05  
0.185085  
0.109742  
2.585e-06  
0.0105591  
0.0234755  
4.326e-05  
0.182964  
0.107839  
2.785e-06  
0.01071  
0.0228043  
4.6436e-05  
0.182492  
0.108045  
2.454e-06  
0.0107277  
0.0228421  
4.6526e-05  
0.182722  
0.109005  
2.916e-06  
0.0107682  
0.0226854  
5.7957e-05  
0.184923  
0.109671  
2.565e-06  
0.010641  
0.0231861  
4.4332e-05  
0.182234  
0.108385  
2.464e-06  
0.0105733  
0.0238367  
4.5244e-05  
0.182131  
0.108553  
2.275e-06  
0.0106182  
0.0240127  
4.3501e-05  
0.181795  
0.109033  
2.715e-06  
0.010867  
0.0240401  
4.6756e-05  
0.185699  
0.107683  
3.557e-06  
0.0107785  
0.0269711  
4.5063e-05  
0.182169  
0.109727  
2.244e-06  
0.0105221  
0.0217329  
4.5554e-05  
0.183237  
0.108224  
2.394e-06  
0.0103214  
0.0264206  
4.8771e-05  
0.183507  
0.110329  
2.755e-06  
0.010884  
0.0224234  
4.5785e-05  
0.181716  
0.110539  
2.625e-06  
0.0108986  
0.0254868  
4.9511e-05  
0.180957  
0.106682  
3.897e-06  
0.0106222  
0.0227946  
4.4182e-05  
0.182473  
0.10958  
3.236e-06  
0.0110102  
0.0255217  
4.5233e-05  
0.185447  
0.110381  
2.756e-06  
0.0103119  
0.0231007  
4.7678e-05  
0.18266  
0.109102  
7.023e-06  
0.0108849  
0.0251739  
4.5093e-05  
0.181259  
0.108388  
3.446e-06  
0.010542  
0.0262445  
4.4632e-05  
0.18312  
0.146292  
2.214e-06  
0.0116473  
0.0273578  
4.8289e-05  
0.189159  
0.110895  
3.566e-06  
0.011025  
0.0280269  
4.7889e-05  
0.181504  
0.108811  
2.565e-06  
0.0108112  
0.026373  
4.4702e-05  
0.183168  
0.108736  
2.515e-06  
0.0107278  
0.023096  
4.7307e-05  
0.181083  
0.107659  
2.445e-06  
